TheDroidMag/proguard/seeds.txt
com.jawad.android.theandroidmagazine.MainActivity
com.jawad.android.theandroidmagazine.MainActivity: MainActivity()
com.jawad.android.theandroidmagazine.R$array: int planets_array
com.jawad.android.theandroidmagazine.R$attr: int adSize
com.jawad.android.theandroidmagazine.R$attr: int adSizes
com.jawad.android.theandroidmagazine.R$attr: int adUnitId
com.jawad.android.theandroidmagazine.R$attr: int appTheme
com.jawad.android.theandroidmagazine.R$attr: int buyButtonAppearance
com.jawad.android.theandroidmagazine.R$attr: int buyButtonHeight
com.jawad.android.theandroidmagazine.R$attr: int buyButtonText
com.jawad.android.theandroidmagazine.R$attr: int buyButtonWidth
com.jawad.android.theandroidmagazine.R$attr: int cameraBearing
com.jawad.android.theandroidmagazine.R$attr: int cameraTargetLat
com.jawad.android.theandroidmagazine.R$attr: int cameraTargetLng
com.jawad.android.theandroidmagazine.R$attr: int cameraTilt
com.jawad.android.theandroidmagazine.R$attr: int cameraZoom
com.jawad.android.theandroidmagazine.R$attr: int circleCrop
com.jawad.android.theandroidmagazine.R$attr: int environment
com.jawad.android.theandroidmagazine.R$attr: int fragmentMode
com.jawad.android.theandroidmagazine.R$attr: int fragmentStyle
com.jawad.android.theandroidmagazine.R$attr: int imageAspectRatio
com.jawad.android.theandroidmagazine.R$attr: int imageAspectRatioAdjust
com.jawad.android.theandroidmagazine.R$attr: int liteMode
com.jawad.android.theandroidmagazine.R$attr: int mapType
com.jawad.android.theandroidmagazine.R$attr: int maskedWalletDetailsBackground
com.jawad.android.theandroidmagazine.R$attr: int maskedWalletDetailsButtonBackground
com.jawad.android.theandroidmagazine.R$color: int common_action_bar_splitter
com.jawad.android.theandroidmagazine.R$color: int common_signin_btn_dark_text_default
com.jawad.android.theandroidmagazine.R$color: int common_signin_btn_dark_text_disabled
com.jawad.android.theandroidmagazine.R$color: int common_signin_btn_dark_text_focused
com.jawad.android.theandroidmagazine.R$color: int common_signin_btn_dark_text_pressed
com.jawad.android.theandroidmagazine.R$color: int common_signin_btn_default_background
com.jawad.android.theandroidmagazine.R$color: int common_signin_btn_light_text_default
com.jawad.android.theandroidmagazine.R$color: int common_signin_btn_light_text_disabled
com.jawad.android.theandroidmagazine.R$color: int common_signin_btn_light_text_focused
com.jawad.android.theandroidmagazine.R$color: int common_signin_btn_light_text_pressed
com.jawad.android.theandroidmagazine.R$color: int common_signin_btn_text_dark
com.jawad.android.theandroidmagazine.R$color: int common_signin_btn_text_light
com.jawad.android.theandroidmagazine.R$color: int wallet_bright_foreground_disabled_holo_light
com.jawad.android.theandroidmagazine.R$color: int wallet_bright_foreground_holo_dark
com.jawad.android.theandroidmagazine.R$color: int wallet_bright_foreground_holo_light
com.jawad.android.theandroidmagazine.R$color: int wallet_dim_foreground_disabled_holo_dark
com.jawad.android.theandroidmagazine.R$color: int wallet_dim_foreground_holo_dark
com.jawad.android.theandroidmagazine.R$dimen: int ImPadd
com.jawad.android.theandroidmagazine.R$dimen: int ListMargin
com.jawad.android.theandroidmagazine.R$dimen: int Margin
com.jawad.android.theandroidmagazine.R$dimen: int NMargin
com.jawad.android.theandroidmagazine.R$dimen: int Text
com.jawad.android.theandroidmagazine.R$dimen: int TextFont
com.jawad.android.theandroidmagazine.R$dimen: int activity_horizontal_margin
com.jawad.android.theandroidmagazine.R$dimen: int activity_vertical_margin
...
com.google.android.gms.drive.realtime.internal.event.ValuesSetDetails
com.google.android.gms.drive.realtime.internal.event.ValuesSetDetails: android.os.Parcelable$Creator CREATOR
com.google.android.gms.drive.zzk
com.google.android.gms.fitness.data.BleDevice
com.google.android.gms.fitness.data.BleDevice: android.os.Parcelable$Creator CREATOR
com.google.android.gms.fitness.data.Bucket
com.google.android.gms.fitness.data.Bucket: android.os.Parcelable$Creator CREATOR
com.google.android.gms.fitness.data.DataPoint
com.google.android.gms.fitness.data.DataPoint: android.os.Parcelable$Creator CREATOR
com.google.android.gms.fitness.data.DataSet
com.google.android.gms.fitness.data.DataSet: android.os.Parcelable$Creator CREATOR
com.google.android.gms.fitness.data.DataSource
com.google.android.gms.fitness.data.DataSource: android.os.Parcelable$Creator CREATOR
com.google.android.gms.fitness.data.DataType
com.google.android.gms.fitness.data.DataType: android.os.Parcelable$Creator CREATOR
com.google.android.gms.fitness.data.Device
com.google.android.gms.fitness.data.Device: android.os.Parcelable$Creator CREATOR
com.google.android.gms.fitness.data.Field
com.google.android.gms.fitness.data.Field: android.os.Parcelable$Creator CREATOR
com.google.android.gms.fitness.data.RawBucket
com.google.android.gms.fitness.data.RawBucket: android.os.Parcelable$Creator CREATOR
com.google.android.gms.fitness.data.RawDataPoint
com.google.android.gms.fitness.data.RawDataPoint: android.os.Parcelable$Creator CREATOR
com.google.android.gms.fitness.data.RawDataSet
com.google.android.gms.fitness.data.RawDataSet: android.os.Parcelable$Creator CREATOR
com.google.android.gms.fitness.data.Session
com.google.android.gms.fitness.data.Session: android.os.Parcelable$Creator CREATOR
com.google.android.gms.fitness.data.Subscription
com.google.android.gms.fitness.data.Subscription: android.os.Parcelable$Creator CREATOR
com.google.android.gms.fitness.data.Value
com.google.android.gms.fitness.data.Value: android.os.Parcelable$Creator CREATOR
com.google.android.gms.fitness.data.zza
com.google.android.gms.fitness.data.zza: android.os.Parcelable$Creator CREATOR
com.google.android.gms.fitness.data.zzq
com.google.android.gms.fitness.data.zzq: android.os.Parcelable$Creator CREATOR
com.google.android.gms.fitness.request.DataDeleteRequest
com.google.android.gms.fitness.request.DataDeleteRequest: android.os.Parcelable$Creator CREATOR
com.google.android.gms.fitness.request.DataReadRequest
com.google.android.gms.fitness.request.DataReadRequest: android.os.Parcelable$Creator CREATOR
com.google.android.gms.fitness.request.DataSourcesRequest
com.google.android.gms.fitness.request.DataSourcesRequest: android.os.Parcelable$Creator CREATOR
com.google.android.gms.fitness.request.DataTypeCreateRequest
com.google.android.gms.fitness.request.DataTypeCreateRequest: android.os.Parcelable$Creator CREATOR
com.google.android.gms.fitness.request.SessionInsertRequest
com.google.android.gms.fitness.request.SessionInsertRequest: android.os.Parcelable$Creator CREATOR
com.google.android.gms.fitness.request.SessionReadRequest
com.google.android.gms.fitness.request.SessionReadRequest: android.os.Parcelable$Creator CREATOR
com.google.android.gms.fitness.request.StartBleScanRequest
com.google.android.gms.fitness.request.StartBleScanRequest: android.os.Parcelable$Creator CREATOR
com.google.android.gms.fitness.request.zzaa
com.google.android.gms.fitness.request.zzaa: android.os.Parcelable$Creator CREATOR
com.google.android.gms.fitness.request.zzac
com.google.android.gms.fitness.request.zzac: android.os.Parcelable$Creator CREATOR
com.google.android.gms.fitness.request.zzae
com.google.android.gms.fitness.request.zzae: android.os.Parcelable$Creator CREATOR
com.google.android.gms.fitness.request.zzai
com.google.android.gms.fitness.request.zzai: android.os.Parcelable$Creator CREATOR
com.google.android.gms.fitness.request.zzak
com.google.android.gms.fitness.request.zzak: android.os.Parcelable$Creator CREATOR