TheDroidMag/proguard/mapping.txt
com.jawad.android.theandroidmagazine.MainActivity -> com.jawad.android.theandroidmagazine.MainActivity:
    android.support.v4.widget.DrawerLayout mDrawerLayout -> b
    android.widget.ListView mDrawerList -> c
    android.support.v4.app.ActionBarDrawerToggle mDrawerToggle -> d
    java.lang.CharSequence mDrawerTitle -> e
    java.lang.CharSequence mTitle -> f
    java.lang.String[] mPlanetTitles -> g
    com.google.android.gms.ads.InterstitialAd mInterstitialAd -> a
    void onCreate(android.os.Bundle) -> onCreate
    void requestNewInterstitial() -> a
    void onStop() -> onStop
    boolean onCreateOptionsMenu(android.view.Menu) -> onCreateOptionsMenu
    boolean onPrepareOptionsMenu(android.view.Menu) -> onPrepareOptionsMenu
    boolean onOptionsItemSelected(android.view.MenuItem) -> onOptionsItemSelected
    void selectItem(int) -> a
    void setTitle(java.lang.CharSequence) -> setTitle
    void onPostCreate(android.os.Bundle) -> onPostCreate
    void onConfigurationChanged(android.content.res.Configuration) -> onConfigurationChanged
    void access$0(com.jawad.android.theandroidmagazine.MainActivity,int) -> a
    java.lang.CharSequence access$1(com.jawad.android.theandroidmagazine.MainActivity) -> a
    java.lang.CharSequence access$2(com.jawad.android.theandroidmagazine.MainActivity) -> b
    void access$3(com.jawad.android.theandroidmagazine.MainActivity) -> c
com.jawad.android.theandroidmagazine.MainActivity$1 -> com.jawad.android.theandroidmagazine.a:
    com.jawad.android.theandroidmagazine.MainActivity this$0 -> a
    void onDrawerClosed(android.view.View) -> b
    void onDrawerOpened(android.view.View) -> a
com.jawad.android.theandroidmagazine.MainActivity$2 -> com.jawad.android.theandroidmagazine.b:
    com.jawad.android.theandroidmagazine.MainActivity this$0 -> a
    void onAdClosed() -> c
com.jawad.android.theandroidmagazine.MainActivity$3 -> com.jawad.android.theandroidmagazine.c:
    com.jawad.android.theandroidmagazine.MainActivity this$0 -> a
    android.app.Dialog val$dialog -> b
    void onClick(android.view.View) -> onClick
com.jawad.android.theandroidmagazine.MainActivity$DrawerItemClickListener -> com.jawad.android.theandroidmagazine.d:
    com.jawad.android.theandroidmagazine.MainActivity this$0 -> a
    void onItemClick(android.widget.AdapterView,android.view.View,int,long) -> onItemClick
com.jawad.android.theandroidmagazine.PlanetFragment -> com.jawad.android.theandroidmagazine.e:
    android.widget.ProgressBar progressB -> a
    int pos -> b
    android.widget.TextView tv1 -> c
    android.widget.TableLayout scrollItem -> d
    android.view.View item1 -> e
    int c -> f
    boolean flag -> g
    java.lang.String[] title -> h
    java.lang.String[] summary -> i
    java.lang.String[] img -> j
    java.lang.String[] pubDate -> k
    java.lang.String[] creator -> l
    java.lang.String[] guid -> m
    android.view.View rootView -> n
    android.view.View$OnClickListener l -> o
    android.view.View onCreateView(android.view.LayoutInflater,android.view.ViewGroup,android.os.Bundle) -> onCreateView
com.jawad.android.theandroidmagazine.PlanetFragment$1 -> com.jawad.android.theandroidmagazine.f:
    com.jawad.android.theandroidmagazine.PlanetFragment this$0 -> a
    void onClick(android.view.View) -> onClick
...
com.google.android.gms.drive.internal.OnContentsResponse -> com.google.android.gms.drive.internal.OnContentsResponse:
    android.os.Parcelable$Creator CREATOR -> CREATOR
    int zzFG -> a
    com.google.android.gms.drive.Contents zzTO -> b
    boolean zzUP -> c
    int describeContents() -> describeContents
    void writeToParcel(android.os.Parcel,int) -> writeToParcel
com.google.android.gms.drive.internal.OnDeviceUsagePreferenceResponse -> com.google.android.gms.drive.internal.OnDeviceUsagePreferenceResponse:
    android.os.Parcelable$Creator CREATOR -> CREATOR
    int zzFG -> a
    com.google.android.gms.drive.internal.FileUploadPreferencesImpl zzUQ -> b
    int describeContents() -> describeContents
    void writeToParcel(android.os.Parcel,int) -> writeToParcel
com.google.android.gms.drive.internal.OnDownloadProgressResponse -> com.google.android.gms.drive.internal.OnDownloadProgressResponse:
    android.os.Parcelable$Creator CREATOR -> CREATOR
    int zzFG -> a
    long zzUR -> b
    long zzUS -> c
    int describeContents() -> describeContents
    void writeToParcel(android.os.Parcel,int) -> writeToParcel
com.google.android.gms.drive.internal.OnDriveIdResponse -> com.google.android.gms.drive.internal.OnDriveIdResponse:
    android.os.Parcelable$Creator CREATOR -> CREATOR
    int zzFG -> a
    com.google.android.gms.drive.DriveId zzTh -> b
    int describeContents() -> describeContents
    void writeToParcel(android.os.Parcel,int) -> writeToParcel
com.google.android.gms.drive.internal.OnDrivePreferencesResponse -> com.google.android.gms.drive.internal.OnDrivePreferencesResponse:
    android.os.Parcelable$Creator CREATOR -> CREATOR
    int zzFG -> a
    com.google.android.gms.drive.DrivePreferences zzUT -> b
    int describeContents() -> describeContents
    void writeToParcel(android.os.Parcel,int) -> writeToParcel
com.google.android.gms.drive.internal.OnEventResponse -> com.google.android.gms.drive.internal.OnEventResponse:
    android.os.Parcelable$Creator CREATOR -> CREATOR
    int zzFG -> a
    int zzTe -> b
    com.google.android.gms.drive.events.ChangeEvent zzUU -> c
    com.google.android.gms.drive.events.CompletionEvent zzUV -> d
    com.google.android.gms.drive.events.QueryEvent zzUW -> e
    int describeContents() -> describeContents
    void writeToParcel(android.os.Parcel,int) -> writeToParcel
com.google.android.gms.drive.internal.OnFetchThumbnailResponse -> com.google.android.gms.drive.internal.OnFetchThumbnailResponse:
    android.os.Parcelable$Creator CREATOR -> CREATOR
    int zzFG -> a
    android.os.ParcelFileDescriptor zzUX -> b
    int describeContents() -> describeContents
    void writeToParcel(android.os.Parcel,int) -> writeToParcel
com.google.android.gms.drive.internal.OnListEntriesResponse -> com.google.android.gms.drive.internal.OnListEntriesResponse:
    android.os.Parcelable$Creator CREATOR -> CREATOR
    int zzFG -> a
    com.google.android.gms.common.data.DataHolder zzUY -> b
    boolean zzTB -> c
    int describeContents() -> describeContents
    void zzI(android.os.Parcel,int) -> a
com.google.android.gms.drive.internal.OnListParentsResponse -> com.google.android.gms.drive.internal.OnListParentsResponse:
    android.os.Parcelable$Creator CREATOR -> CREATOR
    int zzFG -> a
    com.google.android.gms.common.data.DataHolder zzUZ -> b
    int describeContents() -> describeContents
    void zzI(android.os.Parcel,int) -> a
com.google.android.gms.drive.internal.OnLoadRealtimeResponse -> com.google.android.gms.drive.internal.OnLoadRealtimeResponse:
    android.os.Parcelable$Creator CREATOR -> CREATOR
    int zzFG -> a
    boolean zzmE -> b
    int describeContents() -> describeContents
    void writeToParcel(android.os.Parcel,int) -> writeToParcel