TheDroidMag/proguard/usage.txt
com.jawad.android.theandroidmagazine.BuildConfig
com.jawad.android.theandroidmagazine.PlanetFragment:
    public static final java.lang.String ARG_PLANET_NUMBER
    android.os.Handler handler
com.jawad.android.theandroidmagazine.PlanetFragment$MyAsy:
    java.net.URL urlConnection1
    java.net.HttpURLConnection connection1
    java.io.InputStream input1
    android.graphics.BitmapFactory$Options option
com.jawad.android.theandroidmagazine.R
com.jawad.android.theandroidmagazine.R$array
com.jawad.android.theandroidmagazine.R$attr
com.jawad.android.theandroidmagazine.R$color
com.jawad.android.theandroidmagazine.R$dimen
com.jawad.android.theandroidmagazine.R$drawable
com.jawad.android.theandroidmagazine.R$id
com.jawad.android.theandroidmagazine.R$integer
com.jawad.android.theandroidmagazine.R$layout
com.jawad.android.theandroidmagazine.R$menu
com.jawad.android.theandroidmagazine.R$raw
com.jawad.android.theandroidmagazine.R$string
com.jawad.android.theandroidmagazine.R$style
com.jawad.android.theandroidmagazine.R$styleable
com.jawad.android.theandroidmagazine.SummaryDisp:
    android.widget.TextView readMore
    android.graphics.drawable.Drawable d
    android.graphics.Bitmap image
...
android.support.v4.view.KeyEventCompat$EclairKeyEventVersionImpl:
    126:126:public boolean isTracking(android.view.KeyEvent)
    131:131:public java.lang.Object getKeyDispatcherState(android.view.View)
    137:137:public boolean dispatch(android.view.KeyEvent,android.view.KeyEvent$Callback,java.lang.Object,java.lang.Object)
android.support.v4.view.KeyEventCompat$KeyEventVersionImpl:
    public abstract int normalizeMetaState(int)
    public abstract boolean isTracking(android.view.KeyEvent)
    public abstract java.lang.Object getKeyDispatcherState(android.view.View)
    public abstract boolean dispatch(android.view.KeyEvent,android.view.KeyEvent$Callback,java.lang.Object,java.lang.Object)
android.support.v4.view.KeyEventCompatEclair:
    23:23:KeyEventCompatEclair()
    25:25:public static java.lang.Object getKeyDispatcherState(android.view.View)
    30:30:public static boolean dispatch(android.view.KeyEvent,android.view.KeyEvent$Callback,java.lang.Object,java.lang.Object)
    38:38:public static boolean isTracking(android.view.KeyEvent)
android.support.v4.view.KeyEventCompatHoneycomb:
    24:24:KeyEventCompatHoneycomb()
android.support.v4.view.MenuCompat
android.support.v4.view.MenuItemCompat
android.support.v4.view.MenuItemCompat$BaseMenuVersionImpl
android.support.v4.view.MenuItemCompat$HoneycombMenuVersionImpl
android.support.v4.view.MenuItemCompat$IcsMenuVersionImpl
android.support.v4.view.MenuItemCompat$IcsMenuVersionImpl$1
android.support.v4.view.MenuItemCompat$MenuVersionImpl
android.support.v4.view.MenuItemCompat$OnActionExpandListener
android.support.v4.view.MenuItemCompatHoneycomb
android.support.v4.view.MenuItemCompatIcs
android.support.v4.view.MenuItemCompatIcs$OnActionExpandListenerWrapper
android.support.v4.view.MenuItemCompatIcs$SupportActionExpandProxy
android.support.v4.view.MotionEventCompat:
    public static final int ACTION_MASK
    public static final int ACTION_POINTER_DOWN
    public static final int ACTION_POINTER_UP
    public static final int ACTION_HOVER_MOVE
    public static final int ACTION_SCROLL
    public static final int ACTION_POINTER_INDEX_MASK
    public static final int ACTION_POINTER_INDEX_SHIFT
    public static final int ACTION_HOVER_ENTER
    public static final int ACTION_HOVER_EXIT
    25:80:public MotionEventCompat()
android.support.v4.view.MotionEventCompatEclair:
    24:24:MotionEventCompatEclair()
android.support.v4.view.PagerAdapter:
    public static final int POSITION_UNCHANGED
    public static final int POSITION_NONE
    78:79:public PagerAdapter()
    276:277:public void notifyDataSetChanged()
    307:307:public java.lang.CharSequence getPageTitle(int)
android.support.v4.view.PagerTabStrip
android.support.v4.view.PagerTabStrip$1
android.support.v4.view.PagerTabStrip$2
android.support.v4.view.PagerTitleStrip
android.support.v4.view.PagerTitleStrip$1
android.support.v4.view.PagerTitleStrip$PageListener
android.support.v4.view.PagerTitleStrip$PagerTitleStripImpl
android.support.v4.view.PagerTitleStrip$PagerTitleStripImplBase
android.support.v4.view.PagerTitleStrip$PagerTitleStripImplIcs
android.support.v4.view.PagerTitleStripIcs
android.support.v4.view.PagerTitleStripIcs$SingleLineAllCapsTransform
android.support.v4.view.VelocityTrackerCompat:
    25:51:public VelocityTrackerCompat()
android.support.v4.view.VelocityTrackerCompatHoneycomb:
    24:24:VelocityTrackerCompatHoneycomb()